23:07:30.681  root      : INFO    : ** START TEST CASE basic.QueueStats
23:07:30.681  controller: INFO    : Create/listen at 150.225.14.201:6653
23:07:33.626  controller: INFO    : 150.225.14.201:6653: Incoming connection from ('150.225.14.208', 55955)
23:07:33.626  controller: DEBUG   : Msg out: version 4 class hello len 8 xid 2446291790
23:07:33.626  controller: DEBUG   : (message type = 0)
23:07:33.626  controller: INFO    : ----- Message Sent By Controller (not a test step) -----
23:07:33.626  controller: INFO    : hello { xid = 0x91cf734e, elements = [ ] }

23:07:33.627  controller: DEBUG   : Msg in: version 4 class hello len 8 xid 77
23:07:33.648  root      : INFO    : Connected ('150.225.14.208', 55955)
23:07:33.648  controller: DEBUG   : Running transaction 2115051178
23:07:33.648  controller: DEBUG   : Msg out: version 4 class features_request len 8 xid 2115051178
23:07:33.648  controller: DEBUG   : (message type = 5)
23:07:33.648  controller: INFO    : ----- Message Sent By Controller (not a test step) -----
23:07:33.648  controller: INFO    : features_request { xid = 0x7e111eaa }

23:07:33.648  controller: DEBUG   : Waiting for transaction 2115051178
23:07:33.649  controller: DEBUG   : Msg in: version 4 class features_reply len 32 xid 2115051178
23:07:33.649  controller: DEBUG   : Matched expected XID 2115051178
23:07:33.650  root      : INFO    : Sending queue stats request
23:07:33.650  controller: DEBUG   : Running transaction 3883388501
23:07:33.650  controller: DEBUG   : Msg out: version 4 class queue_stats_request len 24 xid 3883388501
23:07:33.650  controller: DEBUG   : (message type = 18)
23:07:33.650  controller: INFO    : ----- Test Step 1 -----
23:07:33.650  controller: INFO    : queue_stats_request { xid = 0xe777ce55, flags = 0x0, port_no = OFPP_ANY, queue_id = 0xffffffff }

23:07:33.650  controller: DEBUG   : Waiting for transaction 3883388501
23:07:33.652  controller: DEBUG   : Msg in: version 4 class queue_op_failed_error_msg len 36 xid 3883388501
23:07:33.652  controller: DEBUG   : Matched expected XID 3883388501
23:07:33.654  controller: INFO    : Ignoring listen soc shutdown error
23:07:33.654  controller: ERROR   : Unknown socket ready: <socket._socketobject object at 0x1a676e0>
23:07:33.654  controller: INFO    : Exiting controller thread
23:07:33.654  controller: INFO    : Ignoring switch soc shutdown error
23:07:33.654  controller: INFO    : Ignoring listen soc shutdown error
23:07:33.655  root      : INFO    : ** END TEST CASE basic.QueueStats
23:07:33.655  root      : INFO    : *** TEST RUN END  : Sun Jun  8 23:07:33 2014
23:07:33.655  dataplane : INFO    : Thread exit
